2013-11-18 21:23:58 [SERVER] [INFO] Starting integrated minecraft server version 1.6.4
2013-11-18 21:23:58 [SERVER] [INFO] Generating keypair
2013-11-18 21:23:58 [SERVER] [INFO] Converting map!
2013-11-18 21:23:58 [SERVER] [INFO] Scanning folders...
2013-11-18 21:23:58 [SERVER] [INFO] Total conversion count is 0
2013-11-18 21:23:59 [SERVER] [INFO] Preparing start region for level 0
2013-11-18 21:24:00 [SERVER] [INFO] Preparing spawn area: 10%
2013-11-18 21:24:01 [SERVER] [INFO] Preparing spawn area: 27%
2013-11-18 21:24:02 [SERVER] [INFO] Preparing spawn area: 45%
2013-11-18 21:24:03 [SERVER] [INFO] Preparing spawn area: 66%
2013-11-18 21:24:04 [SERVER] [INFO] Preparing spawn area: 90%
2013-11-18 21:24:05 [SERVER] [INFO] Player484[/127.0.0.1:0] logged in with entity id 147 at (-246.5, 64.0, 187.5)
2013-11-18 21:24:05 [SERVER] [INFO] Player484 joined the game
2013-11-18 21:24:22 [SERVER] [INFO] Saving and pausing game...
2013-11-18 21:24:22 [SERVER] [INFO] Saving chunks for level 'New World'/Overworld
2013-11-18 21:24:23 [SERVER] [INFO] Saving chunks for level 'New World'/Nether
2013-11-18 21:24:23 [SERVER] [INFO] Saving chunks for level 'New World'/The End
2013-11-18 21:24:24 [SERVER] [INFO] Stopping server
2013-11-18 21:24:24 [SERVER] [INFO] Saving players
2013-11-18 21:24:24 [SERVER] [INFO] Player484 left the game
2013-11-18 21:24:24 [SERVER] [INFO] Saving worlds
2013-11-18 21:24:24 [SERVER] [INFO] Saving chunks for level 'New World'/Overworld
2013-11-18 21:24:24 [SERVER] [INFO] Saving chunks for level 'New World'/Nether
2013-11-18 21:24:24 [SERVER] [INFO] Saving chunks for level 'New World'/The End
2013-11-18 21:24:24 [SERVER] [INFO] Stopping server
