2013-11-18 21:23:39 [CLIENT] [INFO] Setting user: Player484
2013-11-18 21:23:39 [CLIENT] [INFO] (Session ID is null)
2013-11-18 21:23:40 [CLIENT] [INFO] LWJGL Version: 2.9.0
2013-11-18 21:23:41 [CLIENT] [INFO] Reloading ResourceManager: Default
2013-11-18 21:23:47 [CLIENT] [INFO] Reloading ResourceManager: Default, FMLFileResourcePack:Forge Mod Loader, FMLFileResourcePack:Minecraft Forge
2013-11-18 21:23:47 [CLIENT] [WARNING] ResourcePack: ignored non-lowercase namespace: %s in %s
2013-11-18 21:23:47 [CLIENT] [WARNING] ResourcePack: ignored non-lowercase namespace: %s in %s
2013-11-18 21:23:48 [CLIENT] [INFO] Reloading ResourceManager: Default, FMLFileResourcePack:Forge Mod Loader, FMLFileResourcePack:Minecraft Forge
2013-11-18 21:23:48 [CLIENT] [WARNING] ResourcePack: ignored non-lowercase namespace: %s in %s
2013-11-18 21:23:48 [CLIENT] [WARNING] ResourcePack: ignored non-lowercase namespace: %s in %s
2013-11-18 21:23:49 [CLIENT] [SEVERE] Realms: Invalid session id
2013-11-18 21:24:24 [CLIENT] [INFO] Stopping!
2013-11-18 22:44:33 [CLIENT] [INFO] Setting user: Player593
2013-11-18 22:44:34 [CLIENT] [INFO] (Session ID is null)
2013-11-18 22:44:34 [CLIENT] [INFO] LWJGL Version: 2.9.0
2013-11-18 22:44:35 [CLIENT] [INFO] Reloading ResourceManager: Default
2013-11-18 22:44:37 [CLIENT] [INFO] Reloading ResourceManager: Default, FMLFileResourcePack:Forge Mod Loader, FMLFileResourcePack:Minecraft Forge, FMLFileResourcePack:bjmMod
2013-11-18 22:44:37 [CLIENT] [WARNING] ResourcePack: ignored non-lowercase namespace: %s in %s
2013-11-18 22:44:37 [CLIENT] [WARNING] ResourcePack: ignored non-lowercase namespace: %s in %s
2013-11-18 22:44:37 [CLIENT] [WARNING] ResourcePack: ignored non-lowercase namespace: %s in %s
2013-11-18 22:44:38 [CLIENT] [INFO] Reloading ResourceManager: Default, FMLFileResourcePack:Forge Mod Loader, FMLFileResourcePack:Minecraft Forge, FMLFileResourcePack:bjmMod
2013-11-18 22:44:38 [CLIENT] [WARNING] ResourcePack: ignored non-lowercase namespace: %s in %s
2013-11-18 22:44:38 [CLIENT] [WARNING] ResourcePack: ignored non-lowercase namespace: %s in %s
2013-11-18 22:44:38 [CLIENT] [WARNING] ResourcePack: ignored non-lowercase namespace: %s in %s
2013-11-18 22:44:39 [CLIENT] [SEVERE] Realms: Invalid session id
2013-11-18 22:44:49 [CLIENT] [INFO] Stopping!
